# JRE version: Java(TM) SE Runtime Environment (17.0.9+11) (build 17.0.9+11-LTS-201)
# Java VM: Java HotSpot(TM) 64-Bit Server VM (17.0.9+11-LTS-201, mixed mode, sharing, tiered, compressed oops, compressed class ptrs, g1 gc, windows-amd64)
GC Precious Log:
 CPUs: 8 total, 8 available
 Memory: 8040M
 Large Page Support: Disabled
 NUMA Support: Disabled
 Compressed Oops: Enabled (32-bit)
 Heap Region Size: 1M
 Heap Min Capacity: 8M
 Heap Initial Capacity: 126M
 Heap Max Capacity: 2012M
 Pre-touch: Disabled
 Parallel Workers: 8
 Concurrent Workers: 2
 Concurrent Refinement Workers: 8
 Periodic GC: Disabled
Heap:
 garbage-first heap   total 71680K, used 33729K [0x0000000082400000, 0x0000000100000000)
  region size 1024K, 11 young (11264K), 2 survivors (2048K)
 Metaspace       used 61409K, committed 61888K, reserved 1114112K
  class space    used 8345K, committed 8576K, reserved 1048576K
GC Heap History (20 events):
Event: 8.542 GC heap before
{Heap before GC invocations=5 (full 0):
 garbage-first heap   total 51200K, used 16825K [0x0000000082400000, 0x0000000100000000)
  region size 1024K, 4 young (4096K), 3 survivors (3072K)
 Metaspace       used 25546K, committed 25920K, reserved 1114112K
  class space    used 3308K, committed 3520K, reserved 1048576K
}
Event: 8.549 GC heap after
{Heap after GC invocations=6 (full 0):
 garbage-first heap   total 51200K, used 15856K [0x0000000082400000, 0x0000000100000000)
  region size 1024K, 1 young (1024K), 1 survivors (1024K)
 Metaspace       used 25546K, committed 25920K, reserved 1114112K
  class space    used 3308K, committed 3520K, reserved 1048576K
}
Event: 9.699 GC heap before
{Heap before GC invocations=6 (full 0):
 garbage-first heap   total 51200K, used 35312K [0x0000000082400000, 0x0000000100000000)
  region size 1024K, 20 young (20480K), 1 survivors (1024K)
 Metaspace       used 30064K, committed 30464K, reserved 1114112K
  class space    used 3782K, committed 3968K, reserved 1048576K
}
Event: 9.705 GC heap after
{Heap after GC invocations=7 (full 0):
 garbage-first heap   total 51200K, used 17021K [0x0000000082400000, 0x0000000100000000)
  region size 1024K, 2 young (2048K), 2 survivors (2048K)
 Metaspace       used 30064K, committed 30464K, reserved 1114112K
  class space    used 3782K, committed 3968K, reserved 1048576K
}
Event: 10.893 GC heap before
{Heap before GC invocations=7 (full 0):
 garbage-first heap   total 51200K, used 37501K [0x0000000082400000, 0x0000000100000000)
  region size 1024K, 22 young (22528K), 2 survivors (2048K)
 Metaspace       used 34726K, committed 35200K, reserved 1114112K
  class space    used 4373K, committed 4608K, reserved 1048576K
}
Event: 10.897 GC heap after
{Heap after GC invocations=8 (full 0):
 garbage-first heap   total 51200K, used 17982K [0x0000000082400000, 0x0000000100000000)
  region size 1024K, 1 young (1024K), 1 survivors (1024K)
 Metaspace       used 34726K, committed 35200K, reserved 1114112K
  class space    used 4373K, committed 4608K, reserved 1048576K
}
Event: 11.089 GC heap before
{Heap before GC invocations=8 (full 0):
 garbage-first heap   total 51200K, used 21054K [0x0000000082400000, 0x0000000100000000)
  region size 1024K, 5 young (5120K), 1 survivors (1024K)
 Metaspace       used 35565K, committed 35968K, reserved 1114112K
  class space    used 4506K, committed 4736K, reserved 1048576K
}
Event: 11.091 GC heap after
{Heap after GC invocations=9 (full 0):
 garbage-first heap   total 51200K, used 18106K [0x0000000082400000, 0x0000000100000000)
  region size 1024K, 2 young (2048K), 2 survivors (2048K)
 Metaspace       used 35565K, committed 35968K, reserved 1114112K
  class space    used 4506K, committed 4736K, reserved 1048576K
}
Event: 11.785 GC heap before
{Heap before GC invocations=10 (full 0):
 garbage-first heap   total 51200K, used 38586K [0x0000000082400000, 0x0000000100000000)
  region size 1024K, 22 young (22528K), 2 survivors (2048K)
 Metaspace       used 40232K, committed 40704K, reserved 1114112K
  class space    used 5295K, committed 5504K, reserved 1048576K
}
Event: 11.787 GC heap after
{Heap after GC invocations=11 (full 0):
 garbage-first heap   total 51200K, used 19006K [0x0000000082400000, 0x0000000100000000)
  region size 1024K, 2 young (2048K), 2 survivors (2048K)
 Metaspace       used 40232K, committed 40704K, reserved 1114112K
  class space    used 5295K, committed 5504K, reserved 1048576K
}
Event: 11.823 GC heap before
{Heap before GC invocations=11 (full 0):
 garbage-first heap   total 51200K, used 20030K [0x0000000082400000, 0x0000000100000000)
  region size 1024K, 3 young (3072K), 2 survivors (2048K)
 Metaspace       used 40443K, committed 40960K, reserved 1114112K
  class space    used 5320K, committed 5568K, reserved 1048576K
}
Event: 11.826 GC heap after
{Heap after GC invocations=12 (full 0):
 garbage-first heap   total 51200K, used 19007K [0x0000000082400000, 0x0000000100000000)
  region size 1024K, 1 young (1024K), 1 survivors (1024K)
 Metaspace       used 40443K, committed 40960K, reserved 1114112K
  class space    used 5320K, committed 5568K, reserved 1048576K
}
Event: 12.615 GC heap before
{Heap before GC invocations=12 (full 0):
 garbage-first heap   total 51200K, used 39487K [0x0000000082400000, 0x0000000100000000)
  region size 1024K, 21 young (21504K), 1 survivors (1024K)
 Metaspace       used 45444K, committed 45888K, reserved 1114112K
  class space    used 5967K, committed 6208K, reserved 1048576K
}
Event: 12.617 GC heap after
{Heap after GC invocations=13 (full 0):
 garbage-first heap   total 71680K, used 19812K [0x0000000082400000, 0x0000000100000000)
  region size 1024K, 2 young (2048K), 2 survivors (2048K)
 Metaspace       used 45444K, committed 45888K, reserved 1114112K
  class space    used 5967K, committed 6208K, reserved 1048576K
}
Event: 13.581 GC heap before
{Heap before GC invocations=13 (full 0):
 garbage-first heap   total 71680K, used 55652K [0x0000000082400000, 0x0000000100000000)
  region size 1024K, 37 young (37888K), 2 survivors (2048K)
 Metaspace       used 54094K, committed 54592K, reserved 1114112K
  class space    used 7397K, committed 7616K, reserved 1048576K
}
Event: 13.585 GC heap after
{Heap after GC invocations=14 (full 0):
 garbage-first heap   total 71680K, used 21173K [0x0000000082400000, 0x0000000100000000)
  region size 1024K, 3 young (3072K), 3 survivors (3072K)
 Metaspace       used 54094K, committed 54592K, reserved 1114112K
  class space    used 7397K, committed 7616K, reserved 1048576K
}
Event: 15.180 GC heap before
{Heap before GC invocations=14 (full 0):
 garbage-first heap   total 71680K, used 57013K [0x0000000082400000, 0x0000000100000000)
  region size 1024K, 38 young (38912K), 3 survivors (3072K)
 Metaspace       used 58149K, committed 58688K, reserved 1114112K
  class space    used 7891K, committed 8128K, reserved 1048576K
}
Event: 15.184 GC heap after
{Heap after GC invocations=15 (full 0):
 garbage-first heap   total 71680K, used 23771K [0x0000000082400000, 0x0000000100000000)
  region size 1024K, 5 young (5120K), 5 survivors (5120K)
 Metaspace       used 58149K, committed 58688K, reserved 1114112K
  class space    used 7891K, committed 8128K, reserved 1048576K
}
Event: 15.993 GC heap before
{Heap before GC invocations=15 (full 0):
 garbage-first heap   total 71680K, used 49371K [0x0000000082400000, 0x0000000100000000)
  region size 1024K, 31 young (31744K), 5 survivors (5120K)
 Metaspace       used 59992K, committed 60480K, reserved 1114112K
  class space    used 8136K, committed 8384K, reserved 1048576K
}
Event: 15.997 GC heap after
{Heap after GC invocations=16 (full 0):
 garbage-first heap   total 71680K, used 25537K [0x0000000082400000, 0x0000000100000000)
  region size 1024K, 2 young (2048K), 2 survivors (2048K)
 Metaspace       used 59992K, committed 60480K, reserved 1114112K
  class space    used 8136K, committed 8384K, reserved 1048576K
}

